[0m17:42:08.079435 [debug] [MainThread]: Sending event: {'category': 'dbt', 'action': 'invocation', 'label': 'start', 'context': [<snowplow_tracker.self_describing_json.SelfDescribingJson object at 0x10d665d30>, <snowplow_tracker.self_describing_json.SelfDescribingJson object at 0x10e142510>, <snowplow_tracker.self_describing_json.SelfDescribingJson object at 0x10e1421e0>]}


============================== 17:42:08.089774 | 9f399c5c-583b-44b1-b40a-df441d31997a ==============================
[0m17:42:08.089774 [info ] [MainThread]: Running with dbt=1.10.13
[0m17:42:08.090722 [debug] [MainThread]: running dbt with arguments {'debug': 'False', 'partial_parse': 'True', 'fail_fast': 'False', 'write_json': 'True', 'use_colors': 'True', 'invocation_command': 'dbt init my_dbt_project', 'log_cache_events': 'False', 'printer_width': '80', 'target_path': 'None', 'version_check': 'True', 'indirect_selection': 'eager', 'profiles_dir': '/Users/mac/.dbt', 'send_anonymous_usage_stats': 'True', 'log_path': 'logs', 'warn_error': 'None', 'introspect': 'True', 'static_parser': 'True', 'log_format': 'default', 'empty': 'None', 'no_print': 'None', 'cache_selected_only': 'False', 'quiet': 'False', 'use_experimental_parser': 'False', 'warn_error_options': 'WarnErrorOptionsV2(error=[], warn=[], silence=[])'}
[0m17:42:08.131161 [info ] [MainThread]: Creating dbt configuration folder at /Users/mac/.dbt
[0m17:42:08.133456 [debug] [MainThread]: Starter project path: /Users/mac/fintech-analytics-warehouse/venv/lib/python3.12/site-packages/dbt/include/starter_project
[0m17:42:08.157920 [info ] [MainThread]: 
Your new dbt project "my_dbt_project" was created!

For more information on how to configure the profiles.yml file,
please consult the dbt documentation here:

  https://docs.getdbt.com/docs/configure-your-profile

One more thing:

Need help? Don't hesitate to reach out to us via GitHub issues or on Slack:

  https://community.getdbt.com/

Happy modeling!

[0m17:42:08.158531 [info ] [MainThread]: Setting up your profile.
[0m17:49:09.025188 [info ] [MainThread]: Profile my_dbt_project written to /Users/mac/.dbt/profiles.yml using target's profile_template.yml and your supplied values. Run 'dbt debug' to validate the connection.
[0m17:49:09.041290 [debug] [MainThread]: Resource report: {"command_name": "init", "command_success": true, "command_wall_clock_time": 421.08356, "process_in_blocks": "0", "process_kernel_time": 0.496288, "process_mem_max_rss": "97996800", "process_out_blocks": "0", "process_user_time": 2.12844}
[0m17:49:09.043141 [debug] [MainThread]: Command `dbt init` succeeded at 17:49:09.042825 after 421.09 seconds
[0m17:49:09.044815 [debug] [MainThread]: Sending event: {'category': 'dbt', 'action': 'invocation', 'label': 'end', 'context': [<snowplow_tracker.self_describing_json.SelfDescribingJson object at 0x10de32330>, <snowplow_tracker.self_describing_json.SelfDescribingJson object at 0x10dfc8530>, <snowplow_tracker.self_describing_json.SelfDescribingJson object at 0x10dd76f00>]}
[0m17:49:09.046193 [debug] [MainThread]: Flushing usage events
[0m17:49:39.092792 [debug] [MainThread]: An error was encountered while trying to flush usage events
